Arguments: 
  /data/data/com.termux/files/usr/bin/node /data/data/com.termux/files/usr/share/yarn/bin/yarn.js add sqlite3@5.0.7

PATH: 
  /data/data/com.termux/files/usr/lib/heroku/bin:/data/data/com.termux/files/usr/bin

Yarn version: 
  1.22.19

Node version: 
  18.4.0

Platform: 
  android arm64

Trace: 
  Error: EPERM: operation not permitted, symlink '../fast-xml-parser/src/cli/cli.js' -> '/storage/emulated/0/Android/data/io.spck.editor.node/files/tefly/node_modules/@aws-sdk/client-sts/node_modules/.bin/fxparser'

npm manifest: 
  {
    "name": "tefly",
    "version": "1.0.0",
    "description": "Site com intuito de ajudar os estudantes 😅",
    "main": "index.js",
    "dependencies": {
      "aggregate-error": "^3.1.0",
      "accepts": "^1.3.8",
      "agentkeepalive": "^4.2.1",
      "aproba": "^2.0.0",
      "ansi-regex": "^5.0.1",
      "anymatch": "^3.1.3",
      "ansi-styles": "^4.3.0",
      "array-flatten": "^3.0.0",
      "are-we-there-yet": "^2.0.0",
      "bcryptjs": "^2.4.3",
      "bcrypt": "^5.1.0",
      "binary-extensions": "^2.2.0",
      "body-parser": "^1.20.1",
      "bowser": "^2.11.0",
      "base64-js": "^1.5.1",
      "braces": "^3.0.2",
      "bson": "^4.7.1",
      "async": "^3.2.4",
      "bytes": "^3.1.2",
      "brace-expansion": "^2.0.1",
      "call-bind": "^1.0.2",
      "buffer": "^5.7.1",
      "chalk": "^4.1.2",
      "agent-base": "^6.0.2",
      "chokidar": "^3.5.3",
      "chownr": "^2.0.0",
      "clean-stack": "^2.2.0",
      "concat-map": "^0.0.1",
      "balanced-match": "^1.0.2",
      "color-name": "^1.1.4",
      "console-control-strings": "^1.1.0",
      "content-type": "^1.0.4",
      "content-disposition": "^0.5.4",
      "cookie": "^0.5.0",
      "color-support": "^1.1.3",
      "color-convert": "^2.0.1",
      "connect-flash": "^0.1.1",
      "depd": "^2.0.0",
      "delegates": "^1.0.0",
      "denque": "^2.1.0",
      "destroy": "^1.2.0",
      "detect-libc": "^2.0.1",
      "debug": "^2.6.9",
      "ee-first": "^1.1.1",
      "emoji-regex": "^8.0.0",
      "encodeurl": "^1.0.2",
      "cookie-signature": "^1.2.0",
      "env-paths": "^2.2.1",
      "escape-html": "^1.0.3",
      "etag": "^1.8.1",
      "express-handlebars": "^6.0.6",
      "express-session": "^1.17.3",
      "express": "^4.18.2",
      "ejs": "^3.1.8",
      "fast-xml-parser": "^4.0.12",
      "filelist": "^1.0.4",
      "finalhandler": "^1.2.0",
      "encoding": "^0.1.13",
      "forwarded": "^0.2.0",
      "err-code": "^2.0.3",
      "function-bind": "^1.1.1",
      "gauge": "^3.0.2",
      "get-intrinsic": "^1.1.3",
      "fill-range": "^7.0.1",
      "fs-minipass": "^2.1.0",
      "glob": "^8.0.3",
      "generate-function": "^2.3.1",
      "fresh": "^0.5.2",
      "has": "^1.0.3",
      "fs.realpath": "^1.0.0",
      "has-flag": "^3.0.0",
      "glob-parent": "^5.1.2",
      "has-symbols": "^1.0.3",
      "has-unicode": "^2.0.1",
      "http-errors": "^2.0.0",
      "http-proxy-agent": "^4.0.1",
      "graceful-fs": "^4.2.10",
      "humanize-ms": "^1.2.1",
      "https-proxy-agent": "^5.0.1",
      "ieee754": "^1.2.1",
      "iconv-lite": "^0.4.24",
      "http-cache-semantics": "^4.1.0",
      "ignore-by-default": "^1.0.1",
      "imurmurhash": "^0.1.4",
      "infer-owner": "^1.0.4",
      "indent-string": "^4.0.0",
      "inflection": "^1.13.4",
      "inflight": "^1.0.6",
      "ip": "^2.0.0",
      "inherits": "^2.0.4",
      "handlebars": "^4.7.7",
      "ipaddr.js": "^1.9.1",
      "is-extglob": "^2.1.1",
      "is-binary-path": "^2.1.0",
      "is-fullwidth-code-point": "^3.0.0",
      "is-glob": "^4.0.3",
      "isexe": "^2.0.0",
      "jake": "^10.8.5",
      "kareem": "^2.5.1",
      "is-number": "^7.0.0",
      "long": "^4.0.0",
      "lru-cache": "^6.0.0",
      "make-dir": "^3.1.0",
      "media-typer": "^0.3.0",
      "make-fetch-happen": "^9.1.0",
      "is-lambda": "^1.0.1",
      "memory-pager": "^1.5.0",
      "merge-descriptors": "^1.0.1",
      "methods": "^1.1.2",
      "mime": "^1.6.0",
      "mime-db": "^1.52.0",
      "minimatch": "^5.1.2",
      "is-property": "^1.0.2",
      "mime-types": "^2.1.35",
      "minimist": "^1.2.7",
      "lodash": "^4.17.21",
      "minipass-flush": "^1.0.5",
      "minipass-fetch": "^1.4.1",
      "minipass-collect": "^1.0.2",
      "minizlib": "^2.1.2",
      "mkdirp": "^1.0.4",
      "moment": "^2.29.4",
      "minipass-sized": "^1.0.3",
      "minipass": "^3.3.6",
      "mongodb": "^4.13.0",
      "moment-timezone": "^0.5.40",
      "mpath": "^0.9.0",
      "minipass-pipeline": "^1.2.4",
      "mquery": "^4.0.3",
      "ms": "^2.1.3",
      "mysql2": "^2.3.3",
      "mongoose": "^6.8.3",
      "negotiator": "^0.6.3",
      "mongodb-connection-string-url": "^2.6.0",
      "node-addon-api": "^5.0.0",
      "node-fetch": "^2.6.7",
      "named-placeholders": "^1.1.2",
      "nodemon": "^2.0.20",
      "nopt": "^5.0.0",
      "neo-async": "^2.6.2",
      "normalize-path": "^3.0.0",
      "object-assign": "^4.1.1",
      "npmlog": "^5.0.1",
      "object-inspect": "^1.12.2",
      "on-finished": "^2.4.1",
      "nodemailer": "^6.8.0",
      "p-map": "^4.0.0",
      "once": "^1.4.0",
      "node-gyp": "^8.4.1",
      "parseurl": "^1.3.3",
      "passport": "^0.6.0",
      "path-is-absolute": "^1.0.1",
      "passport-local": "^1.0.0",
      "path-to-regexp": "^6.2.1",
      "pg-connection-string": "^2.5.0",
      "on-headers": "^1.0.2",
      "promise-inflight": "^1.0.1",
      "pause": "^0.0.1",
      "proxy-addr": "^2.0.7",
      "pseudomap": "^1.0.2",
      "pstree.remy": "^1.1.8",
      "abbrev": "^1.1.1",
      "cacache": "^15.3.0",
      "passport-strategy": "^1.0.0",
      "punycode": "^2.1.1",
      "promise-retry": "^2.0.1",
      "random-bytes": "^1.0.0",
      "qs": "^6.11.0",
      "raw-body": "^2.5.1",
      "readable-stream": "^3.6.0",
      "retry-as-promised": "^5.0.0",
      "range-parser": "^1.2.1",
      "picomatch": "^2.3.1",
      "rimraf": "^3.0.2",
      "retry": "^0.12.0",
      "safer-buffer": "^2.1.2",
      "readdirp": "^3.6.0",
      "safe-buffer": "^5.2.1",
      "saslprep": "^1.0.3",
      "send": "^0.18.0",
      "seq-queue": "^0.0.5",
      "semver": "^7.3.8",
      "sequelize-pool": "^7.1.0",
      "set-blocking": "^2.0.0",
      "serve-static": "^1.15.0",
      "setprototypeof": "^1.2.0",
      "sequelize": "^6.28.0",
      "sift": "^16.0.1",
      "signal-exit": "^3.0.7",
      "simple-update-notifier": "^1.1.0",
      "side-channel": "^1.0.4",
      "smart-buffer": "^4.2.0",
      "socks-proxy-agent": "^6.2.1",
      "source-map": "^0.6.1",
      "socks": "^2.7.1",
      "sqlstring": "^2.3.3",
      "sparse-bitfield": "^3.0.3",
      "ssri": "^8.0.1",
      "statuses": "^2.0.1",
      "string-width": "^4.2.3",
      "string_decoder": "^1.3.0",
      "strip-ansi": "^6.0.1",
      "supports-color": "^5.5.0",
      "toidentifier": "^1.0.1",
      "strnum": "^1.0.5",
      "tar": "^6.1.13",
      "toposort-class": "^1.0.1",
      "to-regex-range": "^5.0.1",
      "type-is": "^1.6.18",
      "touch": "^3.1.0",
      "tr46": "^3.0.0",
      "tslib": "^2.4.1",
      "uglify-js": "^3.17.4",
      "undefsafe": "^2.0.5",
      "unique-filename": "^1.1.1",
      "uid-safe": "^2.1.5",
      "util-deprecate": "^1.0.2",
      "unique-slug": "^2.0.2",
      "unpipe": "^1.0.0",
      "uuid": "^8.3.2",
      "utils-merge": "^1.0.1",
      "validator": "^13.7.0",
      "webidl-conversions": "^7.0.0",
      "whatwg-url": "^11.0.0",
      "vary": "^1.1.2",
      "which": "^2.0.2",
      "wkx": "^0.5.0",
      "wordwrap": "^1.0.0",
      "dottie": "^2.0.2",
      "wide-align": "^1.1.5",
      "yallist": "^4.0.0",
      "wrappy": "^1.0.2"
    },
    "devDependencies": {},
    "scripts": {
      "test": "echo \"Error: no test specified\" && exit 1"
    },
    "repository": {
      "type": "git",
      "url": "git+https://github.com/GustavoSweb/tefly.git"
    },
    "keywords": [],
    "author": "",
    "license": "ISC",
    "bugs": {
      "url": "https://github.com/GustavoSweb/tefly/issues"
    },
    "homepage": "https://github.com/GustavoSweb/tefly#readme"
  }

yarn manifest: 
  No manifest

Lockfile: 
  No lockfile
